Determining if the pthread_create exist failed with the following output:
Change Dir: /home/fares/Desktop/spring18/inference/cmake-build-debug/CMakeFiles/CMakeTmp

Run Build Command:"/usr/bin/make" "cmTC_6d3f2/fast"
/usr/bin/make -f CMakeFiles/cmTC_6d3f2.dir/build.make CMakeFiles/cmTC_6d3f2.dir/build
make[1]: Entering directory `/home/fares/Desktop/spring18/inference/cmake-build-debug/CMakeFiles/CMakeTmp'
Building C object CMakeFiles/cmTC_6d3f2.dir/CheckSymbolExists.c.o
/usr/bin/cc   -fPIC    -o CMakeFiles/cmTC_6d3f2.dir/CheckSymbolExists.c.o   -c /home/fares/Desktop/spring18/inference/cmake-build-debug/CMakeFiles/CMakeTmp/CheckSymbolExists.c
Linking C executable cmTC_6d3f2
/home/fares/Downloads/clion-2017.3.1/bin/cmake/bin/cmake -E cmake_link_script CMakeFiles/cmTC_6d3f2.dir/link.txt --verbose=1
/usr/bin/cc -fPIC     -rdynamic CMakeFiles/cmTC_6d3f2.dir/CheckSymbolExists.c.o  -o cmTC_6d3f2 
CMakeFiles/cmTC_6d3f2.dir/CheckSymbolExists.c.o: In function `main':
CheckSymbolExists.c:(.text+0x1b): undefined reference to `pthread_create'
collect2: error: ld returned 1 exit status
make[1]: *** [cmTC_6d3f2] Error 1
make[1]: Leaving directory `/home/fares/Desktop/spring18/inference/cmake-build-debug/CMakeFiles/CMakeTmp'
make: *** [cmTC_6d3f2/fast] Error 2

File /home/fares/Desktop/spring18/inference/cmake-build-debug/CMakeFiles/CMakeTmp/CheckSymbolExists.c:
/* */
#include <pthread.h>

int main(int argc, char** argv)
{
  (void)argv;
#ifndef pthread_create
  return ((int*)(&pthread_create))[argc];
#else
  (void)argc;
  return 0;
#endif
}

Determining if the function pthread_create exists in the pthreads failed with the following output:
Change Dir: /home/fares/Desktop/spring18/inference/cmake-build-debug/CMakeFiles/CMakeTmp

Run Build Command:"/usr/bin/make" "cmTC_9a7d0/fast"
/usr/bin/make -f CMakeFiles/cmTC_9a7d0.dir/build.make CMakeFiles/cmTC_9a7d0.dir/build
make[1]: Entering directory `/home/fares/Desktop/spring18/inference/cmake-build-debug/CMakeFiles/CMakeTmp'
Building C object CMakeFiles/cmTC_9a7d0.dir/CheckFunctionExists.c.o
/usr/bin/cc   -fPIC -DCHECK_FUNCTION_EXISTS=pthread_create   -o CMakeFiles/cmTC_9a7d0.dir/CheckFunctionExists.c.o   -c /home/fares/Downloads/clion-2017.3.1/bin/cmake/share/cmake-3.9/Modules/CheckFunctionExists.c
Linking C executable cmTC_9a7d0
/home/fares/Downloads/clion-2017.3.1/bin/cmake/bin/cmake -E cmake_link_script CMakeFiles/cmTC_9a7d0.dir/link.txt --verbose=1
/usr/bin/cc -fPIC -DCHECK_FUNCTION_EXISTS=pthread_create    -rdynamic CMakeFiles/cmTC_9a7d0.dir/CheckFunctionExists.c.o  -o cmTC_9a7d0 -lpthreads 
/usr/bin/ld: cannot find -lpthreads
collect2: error: ld returned 1 exit status
make[1]: *** [cmTC_9a7d0] Error 1
make[1]: Leaving directory `/home/fares/Desktop/spring18/inference/cmake-build-debug/CMakeFiles/CMakeTmp'
make: *** [cmTC_9a7d0/fast] Error 2


